\BOOKMARK [0][-]{chapter.1}{Introducci\363n}{}% 1
\BOOKMARK [1][-]{section.1.1}{Contexto}{chapter.1}% 2
\BOOKMARK [0][-]{chapter.2}{Descripci\363n del problema}{}% 3
\BOOKMARK [1][-]{section.2.1}{Trabajos Relacionados}{chapter.2}% 4
\BOOKMARK [2][-]{subsection.2.1.1}{JIF}{section.2.1}% 5
\BOOKMARK [2][-]{subsection.2.1.2}{JOANA}{section.2.1}% 6
\BOOKMARK [2][-]{subsection.2.1.3}{FlowDroid}{section.2.1}% 7
\BOOKMARK [2][-]{subsection.2.1.4}{TaintDroid, Dinamic Taint Tracking, para la detecci\363n de fugas de Informaci\363n}{section.2.1}% 8
\BOOKMARK [2][-]{subsection.2.1.5}{Comparaci\363n de t\351cnicas}{section.2.1}% 9
\BOOKMARK [2][-]{subsection.2.1.6}{Clasificaci\363n de Sources y Sinks}{section.2.1}% 10
\BOOKMARK [1][-]{section.2.2}{Propuesta}{chapter.2}% 11
\BOOKMARK [0][-]{chapter.3}{Dise\361o e Implementaci\363n}{}% 12
\BOOKMARK [1][-]{section.3.1}{Limitaciones t\351cnicas para implementar el prototipo}{chapter.3}% 13
\BOOKMARK [1][-]{section.3.2}{Dise\361o de la soluci\363n}{chapter.3}% 14
\BOOKMARK [0][-]{chapter.4}{Evaluaci\363n}{}% 15
\BOOKMARK [1][-]{section.4.1}{Consideraciones de evaluaci\363n}{chapter.4}% 16
\BOOKMARK [1][-]{section.4.2}{Evaluaci\363n conjunto de aplicaciones}{chapter.4}% 17
\BOOKMARK [0][-]{chapter.5}{Trabajo Futuro y Conclusiones}{}% 18
\BOOKMARK [1][-]{section.5.1}{Discusi\363n}{chapter.5}% 19
\BOOKMARK [1][-]{section.5.2}{Trabajo Futuro}{chapter.5}% 20
\BOOKMARK [1][-]{section.5.3}{Conclusiones}{chapter.5}% 21
\BOOKMARK [0][-]{chapter.6}{Anexos}{}% 22
\BOOKMARK [1][-]{section.6.1}{Instrucciones para uso del prototipo}{chapter.6}% 23
